Add Component: Footprint Not Found RESISTOR
Add Component: Footprint Not Found RESISTOR
Add Component: Footprint Not Found RESISTOR
Add Component: Footprint Not Found RESISTOR
Add Component: Footprint Not Found RESISTOR
Add Component: Footprint Not Found RESISTOR
Add Component: Footprint Not Found RESISTOR
Add Component: Footprint Not Found RESISTOR
Add Component: Footprint Not Found RESISTOR
Add Component: Footprint Not Found RESISTOR
Add Component: Footprint Not Found RESISTOR
Add Component: Footprint Not Found RESISTOR
Add Component: Footprint Not Found LINE
Add Pin To Net: Unknown Pin: Pin CL5-1
Add Pin To Net: Unknown Pin: Pin CL6-1
Add Pin To Net: Unknown Pin: Pin CL11-1
Add Pin To Net: Unknown Pin: Pin CL12-1
Added Net: Name=NetCL1_2
Added Net: Name=NetCL2_2
Added Net: Name=NetCL3_1
Added Net: Name=NetCL3_2
Added Net: Name=NetCL7_2
Added Net: Name=NetCL8_2
Added Net: Name=NetCL9_1
Added Net: Name=NetCL9_2
Added Class: Name=transformer
Added Room: Name=transformer
